<?xml version="1.0" encoding="utf-8" standalone="no"?>
<!--This file represents the results of running a test suite-->
<test-results name="C:\Users\Rafael\documents\visual studio 2012\Projects\DynamicBuilder\DynamicBuilder.Specification\DynamicBuilder.Specification.csproj" total="10" errors="0" failures="2" not-run="0" inconclusive="0" ignored="0" skipped="0" invalid="0" date="2013-03-14" time="07:35:47">
  <environment nunit-version="2.6.2.12296" clr-version="2.0.50727.6400" os-version="Microsoft Windows NT 6.2.9200.0" platform="Win32NT" cwd="C:\Users\Rafael\documents\visual studio 2012\Projects\DynamicBuilder\DynamicBuilder.Specification" machine-name="WIN8RMR" user="Rafael" user-domain="WIN8RMR" />
  <culture-info current-culture="pt-BR" current-uiculture="pt-BR" />
  <test-suite type="Project" name="C:\Users\Rafael\documents\visual studio 2012\Projects\DynamicBuilder\DynamicBuilder.Specification\DynamicBuilder.Specification.csproj" executed="True" result="Failure" success="False" time="2.922" asserts="0">
    <results>
      <test-suite type="Assembly" name="C:\Users\Rafael\documents\visual studio 2012\Projects\DynamicBuilder\DynamicBuilder.Specification\bin\Debug\DynamicBuilder.Specification.dll" executed="True" result="Failure" success="False" time="2.906" asserts="0">
        <results>
          <test-suite type="Namespace" name="DynamicBuilder" executed="True" result="Failure" success="False" time="2.906" asserts="0">
            <results>
              <test-suite type="Namespace" name="Specification" executed="True" result="Failure" success="False" time="2.906" asserts="0">
                <results>
                  <test-suite type="Namespace" name="Features" executed="True" result="Failure" success="False" time="2.906" asserts="0">
                    <results>
                      <test-suite type="TestFixture" name="BuildAnObjectFeature" description="Build an object" executed="True" result="Success" success="True" time="2.094" asserts="0">
                        <results>
                          <test-suite type="ParameterizedTest" name="BuildAnObject" description="Build an object" executed="True" result="Success" success="True" time="1.499" asserts="0">
                            <categories>
                              <category name="building" />
                            </categories>
                            <results>
                              <test-case name="DynamicBuilder.Specification.Features.BuildAnObjectFeature.BuildAnObject(&quot;AThing&quot;,null)" executed="True" result="Success" success="True" time="1.469" asserts="0" />
                              <test-case name="DynamicBuilder.Specification.Features.BuildAnObjectFeature.BuildAnObject(&quot;AnObject&quot;,null)" executed="True" result="Success" success="True" time="0.000" asserts="0" />
                            </results>
                          </test-suite>
                          <test-suite type="ParameterizedTest" name="BuildTwoObjects" description="Build two objects" executed="True" result="Success" success="True" time="0.016" asserts="0">
                            <categories>
                              <category name="building" />
                            </categories>
                            <results>
                              <test-case name="DynamicBuilder.Specification.Features.BuildAnObjectFeature.BuildTwoObjects(&quot;AThing&quot;,null)" executed="True" result="Success" success="True" time="0.000" asserts="0" />
                              <test-case name="DynamicBuilder.Specification.Features.BuildAnObjectFeature.BuildTwoObjects(&quot;AnObject&quot;,null)" executed="True" result="Success" success="True" time="0.000" asserts="0" />
                            </results>
                          </test-suite>
                        </results>
                      </test-suite>
                      <test-suite type="TestFixture" name="BuildAnObjectWithSomethingAndSomethingElseFeature" description="Build an object with something and something else" executed="True" result="Failure" success="False" time="0.734" asserts="0">
                        <results>
                          <test-suite type="ParameterizedTest" name="BuildAnObjectWithSomethingAndSomethingElse" description="Build an object with something and something else" executed="True" result="Failure" success="False" time="0.734" asserts="0">
                            <categories>
                              <category name="building" />
                            </categories>
                            <results>
                              <test-case name="DynamicBuilder.Specification.Features.BuildAnObjectWithSomethingAndSomethingElseFeature.BuildAnObjectWithSomethingAndSomethingElse(&quot;Person&quot;,&quot;FirstName&quot;,&quot;LastName&quot;,null)" executed="True" result="Failure" success="False" time="0.687" asserts="0">
                                <failure>
                                  <message><![CDATA[Expected string to be "da Silva", but found <null>.]]></message>
                                  <stack-trace><![CDATA[em FluentAssertions.Execution.LateBoundTestFramework.Throw(String message) na c:\Workspaces\codeplex\fluentassertions\Main\FluentAssertions.Net35\Execution\LateBoundTestFramework.cs:linha 20
em FluentAssertions.Execution.Verification.FailWith(String failureMessage, Object[] failureArgs) na c:\Workspaces\codeplex\fluentassertions\Main\FluentAssertions.Net35\Execution\Verification.cs:linha 160
em FluentAssertions.Primitives.StringValidator.Validate() na c:\Workspaces\codeplex\fluentassertions\Main\FluentAssertions.Net35\Primitives\StringValidator.cs:linha 34
em FluentAssertions.Primitives.StringAssertions.Be(String expected, String reason, Object[] reasonArgs) na c:\Workspaces\codeplex\fluentassertions\Main\FluentAssertions.Net35\Primitives\StringAssertions.cs:linha 44
em DynamicBuilder.Specification.Steps.BuildAnObjectWithSomethingAndSomethingElseStepDefinition.ThenIWillReceiveABuilderForASingleInstanceOfTypePersonWithFirstNameAndLastName() na c:\Users\Rafael\Documents\Visual Studio 2012\Projects\DynamicBuilder\DynamicBuilder.Specification\Steps\BuildAnObjectWithSomethingAndSomethingElseStepDefinition.cs:linha 64
em TechTalk.SpecFlow.Bindings.BindingInvoker.InvokeBinding(IBinding binding, IContextManager contextManager, Object[] arguments, ITestTracer testTracer, TimeSpan& duration)
em TechTalk.SpecFlow.Infrastructure.TestExecutionEngine.ExecuteStepMatch(BindingMatch match, Object[] arguments)
em TechTalk.SpecFlow.Infrastructure.TestExecutionEngine.ExecuteStep(StepInstance stepInstance)
em TechTalk.SpecFlow.Infrastructure.TestExecutionEngine.OnAfterLastStep()
em DynamicBuilder.Specification.Features.BuildAnObjectWithSomethingAndSomethingElseFeature.ScenarioCleanup() na c:\Users\Rafael\Documents\Visual Studio 2012\Projects\DynamicBuilder\DynamicBuilder.Specification\Features\BuildAnObjectWithSomethingAndSomethingElse.feature.cs:linha 0
em DynamicBuilder.Specification.Features.BuildAnObjectWithSomethingAndSomethingElseFeature.BuildAnObjectWithSomethingAndSomethingElse(String type, String something, String somethingElse, String[] exampleTags) na c:\Users\Rafael\Documents\Visual Studio 2012\Projects\DynamicBuilder\DynamicBuilder.Specification\Features\BuildAnObjectWithSomethingAndSomethingElse.feature:linha 11
]]></stack-trace>
                                </failure>
                              </test-case>
                              <test-case name="DynamicBuilder.Specification.Features.BuildAnObjectWithSomethingAndSomethingElseFeature.BuildAnObjectWithSomethingAndSomethingElse(&quot;Report&quot;,&quot;Title&quot;,&quot;Date&quot;,null)" executed="True" result="Failure" success="False" time="0.016" asserts="0">
                                <failure>
                                  <message><![CDATA[Expected date and time to be <2012-10-28>, but found <>.]]></message>
                                  <stack-trace><![CDATA[em FluentAssertions.Execution.LateBoundTestFramework.Throw(String message) na c:\Workspaces\codeplex\fluentassertions\Main\FluentAssertions.Net35\Execution\LateBoundTestFramework.cs:linha 20
em FluentAssertions.Execution.Verification.FailWith(String failureMessage, Object[] failureArgs) na c:\Workspaces\codeplex\fluentassertions\Main\FluentAssertions.Net35\Execution\Verification.cs:linha 160
em FluentAssertions.Primitives.DateTimeAssertions.Be(DateTime expected, String reason, Object[] reasonArgs) na c:\Workspaces\codeplex\fluentassertions\Main\FluentAssertions.Net35\Primitives\DateTimeAssertions.cs:linha 46
em DynamicBuilder.Specification.Steps.BuildAnObjectWithSomethingAndSomethingElseStepDefinition.ThenIWillReceiveABuilderForASingleInstanceOfTypeReportWithTitleAndDate() na c:\Users\Rafael\Documents\Visual Studio 2012\Projects\DynamicBuilder\DynamicBuilder.Specification\Steps\BuildAnObjectWithSomethingAndSomethingElseStepDefinition.cs:linha 74
em TechTalk.SpecFlow.Bindings.BindingInvoker.InvokeBinding(IBinding binding, IContextManager contextManager, Object[] arguments, ITestTracer testTracer, TimeSpan& duration)
em TechTalk.SpecFlow.Infrastructure.TestExecutionEngine.ExecuteStepMatch(BindingMatch match, Object[] arguments)
em TechTalk.SpecFlow.Infrastructure.TestExecutionEngine.ExecuteStep(StepInstance stepInstance)
em TechTalk.SpecFlow.Infrastructure.TestExecutionEngine.OnAfterLastStep()
em DynamicBuilder.Specification.Features.BuildAnObjectWithSomethingAndSomethingElseFeature.ScenarioCleanup() na c:\Users\Rafael\Documents\Visual Studio 2012\Projects\DynamicBuilder\DynamicBuilder.Specification\Features\BuildAnObjectWithSomethingAndSomethingElse.feature.cs:linha 0
em DynamicBuilder.Specification.Features.BuildAnObjectWithSomethingAndSomethingElseFeature.BuildAnObjectWithSomethingAndSomethingElse(String type, String something, String somethingElse, String[] exampleTags) na c:\Users\Rafael\Documents\Visual Studio 2012\Projects\DynamicBuilder\DynamicBuilder.Specification\Features\BuildAnObjectWithSomethingAndSomethingElse.feature:linha 11
]]></stack-trace>
                                </failure>
                              </test-case>
                            </results>
                          </test-suite>
                        </results>
                      </test-suite>
                      <test-suite type="TestFixture" name="BuildAnObjectWithSomethingFeature" description="Build an object with something" executed="True" result="Success" success="True" time="0.063" asserts="0">
                        <results>
                          <test-suite type="ParameterizedTest" name="BuildAnObjectWithSomething" description="Build an object with something" executed="True" result="Success" success="True" time="0.063" asserts="0">
                            <categories>
                              <category name="building" />
                            </categories>
                            <results>
                              <test-case name="DynamicBuilder.Specification.Features.BuildAnObjectWithSomethingFeature.BuildAnObjectWithSomething(&quot;Report&quot;,&quot;Title&quot;,null)" executed="True" result="Success" success="True" time="0.000" asserts="0" />
                              <test-case name="DynamicBuilder.Specification.Features.BuildAnObjectWithSomethingFeature.BuildAnObjectWithSomething(&quot;Person&quot;,&quot;FirstName&quot;,null)" executed="True" result="Success" success="True" time="0.031" asserts="0" />
                              <test-case name="DynamicBuilder.Specification.Features.BuildAnObjectWithSomethingFeature.BuildAnObjectWithSomething(&quot;Person&quot;,&quot;LastName&quot;,null)" executed="True" result="Success" success="True" time="0.016" asserts="0" />
                              <test-case name="DynamicBuilder.Specification.Features.BuildAnObjectWithSomethingFeature.BuildAnObjectWithSomething(&quot;Report&quot;,&quot;Date&quot;,null)" executed="True" result="Success" success="True" time="0.016" asserts="0" />
                            </results>
                          </test-suite>
                        </results>
                      </test-suite>
                    </results>
                  </test-suite>
                </results>
              </test-suite>
            </results>
          </test-suite>
        </results>
      </test-suite>
    </results>
  </test-suite>
</test-results>